<?xml version="1.0" encoding="UTF-8"?>
<testng-results skipped="0" failed="0" total="1" passed="1">
  <reporter-output>
    <line>
      <![CDATA[Second High Price: ₹ 29,711]]>
    </line>
  </reporter-output>
  <suite name="Default suite" duration-ms="38589" started-at="2019-09-23T12:07:22Z" finished-at="2019-09-23T12:08:01Z">
    <groups>
    </groups>
    <test name="TC001" duration-ms="38589" started-at="2019-09-23T12:07:22Z" finished-at="2019-09-23T12:08:01Z">
      <class name="com.example.test.TC001_GetSecondHighPrice">
        <test-method status="PASS" signature="beforeSuite()[pri:0, instance:com.example.test.TC001_GetSecondHighPrice@1fbc7afb]" name="beforeSuite" is-config="true" duration-ms="237" started-at="2019-09-23T17:37:22Z" finished-at="2019-09-23T17:37:22Z">
          <reporter-output>
          </reporter-output>
        </test-method> <!-- beforeSuite -->
        <test-method status="PASS" signature="setUp(org.testng.ITestContext)[pri:0, instance:com.example.test.TC001_GetSecondHighPrice@1fbc7afb]" name="setUp" is-config="true" duration-ms="9342" started-at="2019-09-23T17:37:22Z" finished-at="2019-09-23T17:37:31Z">
          <params>
            <param index="0">
              <value>
                <![CDATA[org.testng.TestRunner@25b2cfcb]]>
              </value>
            </param>
          </params>
          <reporter-output>
          </reporter-output>
        </test-method> <!-- setUp -->
        <test-method status="PASS" signature="test()[pri:0, instance:com.example.test.TC001_GetSecondHighPrice@1fbc7afb]" name="test" duration-ms="28569" started-at="2019-09-23T17:37:31Z" finished-at="2019-09-23T17:38:00Z">
          <reporter-output>
            <line>
              <![CDATA[Second High Price: ₹ 29,711]]>
            </line>
          </reporter-output>
        </test-method> <!-- test -->
        <test-method status="PASS" signature="afterTestFailedCheck(org.testng.ITestResult)[pri:0, instance:com.example.test.TC001_GetSecondHighPrice@1fbc7afb]" name="afterTestFailedCheck" is-config="true" duration-ms="0" started-at="2019-09-23T17:38:00Z" finished-at="2019-09-23T17:38:00Z">
          <params>
            <param index="0">
              <value>
                <![CDATA[[TestResult name=test status=SUCCESS method=TC001_GetSecondHighPrice.test()[pri:0, instance:com.example.test.TC001_GetSecondHighPrice@1fbc7afb] output=Second High Price: ₹ 29,711]]]>
              </value>
            </param>
          </params>
          <reporter-output>
          </reporter-output>
        </test-method> <!-- afterTestFailedCheck -->
        <test-method status="PASS" signature="tearDown()[pri:0, instance:com.example.test.TC001_GetSecondHighPrice@1fbc7afb]" name="tearDown" is-config="true" duration-ms="662" started-at="2019-09-23T17:38:00Z" finished-at="2019-09-23T17:38:01Z">
          <reporter-output>
          </reporter-output>
        </test-method> <!-- tearDown -->
        <test-method status="PASS" signature="afterSuite()[pri:0, instance:com.example.test.TC001_GetSecondHighPrice@1fbc7afb]" name="afterSuite" is-config="true" duration-ms="446" started-at="2019-09-23T17:38:01Z" finished-at="2019-09-23T17:38:01Z">
          <reporter-output>
          </reporter-output>
        </test-method> <!-- afterSuite -->
      </class> <!-- com.example.test.TC001_GetSecondHighPrice -->
    </test> <!-- TC001 -->
  </suite> <!-- Default suite -->
</testng-results>
